<?xml version="1.0" encoding="UTF-8"?>
<testng-results ignored="0" total="1" passed="0" failed="1" skipped="0">
  <reporter-output>
  </reporter-output>
  <suite started-at="2023-09-22T13:31:29 IST" name="Default suite" finished-at="2023-09-22T13:32:04 IST" duration-ms="34986">
    <groups>
    </groups>
    <test started-at="2023-09-22T13:31:29 IST" name="Default test" finished-at="2023-09-22T13:32:04 IST" duration-ms="34986">
      <class name="test.EcommerceTC4">
        <test-method is-config="true" signature="ConfigureAppium()[pri:0, instance:test.EcommerceTC4@2eae8e6e]" started-at="2023-09-22T13:31:29 IST" name="ConfigureAppium" finished-at="2023-09-22T13:31:36 IST" duration-ms="6968" status="PASS">
          <reporter-output>
          </reporter-output>
        </test-method> <!-- ConfigureAppium -->
        <test-method signature="FillForm()[pri:0, instance:test.EcommerceTC4@2eae8e6e]" started-at="2023-09-22T13:31:36 IST" name="FillForm" finished-at="2023-09-22T13:32:03 IST" duration-ms="27437" status="FAIL">
          <exception class="io.appium.java_client.NoSuchContextException">
            <message>
              <![CDATA[An unknown server-side error occurred while processing the command. Original error: A new session could not be created. Details: session not created: This version of ChromeDriver only supports Chrome version 117
Current browser version is 116.0.0.0 with package name com.androidsample.generalstore
Build info: version: '4.6.0', revision: '79f1c02ae20'
System info: os.name: 'Windows 11', os.arch: 'amd64', os.version: '10.0', java.version: '17.0.7'
Driver info: io.appium.java_client.android.AndroidDriver
Command: [04b1f188-8e20-4c5c-82b2-de90c59ab722, switchToContext {name=WEBVIEW_com.androidsample.generalstore}]
Capabilities {appium:app: C:\Users\Admin\eclipse-work..., appium:appPackage: com.androidsample.generalstore, appium:automationName: UIAutomator2, appium:chromedriverExecutable: C:\Users\Admin\Documents\ch..., appium:databaseEnabled: false, appium:desired: {app: C:\Users\Admin\eclipse-work..., automationName: UIAutomator2, chromedriverExecutable: C:\Users\Admin\Documents\ch..., deviceName: samsung SM-A146B, platformName: android}, appium:deviceApiLevel: 33, appium:deviceManufacturer: samsung, appium:deviceModel: SM-A146B, appium:deviceName: RZCW815M6ET, appium:deviceScreenDensity: 450, appium:deviceScreenSize: 1080x2408, appium:deviceUDID: RZCW815M6ET, appium:javascriptEnabled: true, appium:locationContextEnabled: false, appium:networkConnectionEnabled: true, appium:pixelRatio: 2.8125, appium:platformVersion: 13, appium:statBarHeight: 65, appium:takesScreenshot: true, appium:viewportRect: {height: 2144, left: 0, top: 65, width: 1080}, appium:warnings: {}, appium:webStorageEnabled: false, platformName: ANDROID}
Session ID: 04b1f188-8e20-4c5c-82b2-de90c59ab722]]>
            </message>
            <full-stacktrace>
              <![CDATA[io.appium.java_client.NoSuchContextException: An unknown server-side error occurred while processing the command. Original error: A new session could not be created. Details: session not created: This version of ChromeDriver only supports Chrome version 117
Current browser version is 116.0.0.0 with package name com.androidsample.generalstore
Build info: version: '4.6.0', revision: '79f1c02ae20'
System info: os.name: 'Windows 11', os.arch: 'amd64', os.version: '10.0', java.version: '17.0.7'
Driver info: io.appium.java_client.android.AndroidDriver
Command: [04b1f188-8e20-4c5c-82b2-de90c59ab722, switchToContext {name=WEBVIEW_com.androidsample.generalstore}]
Capabilities {appium:app: C:\Users\Admin\eclipse-work..., appium:appPackage: com.androidsample.generalstore, appium:automationName: UIAutomator2, appium:chromedriverExecutable: C:\Users\Admin\Documents\ch..., appium:databaseEnabled: false, appium:desired: {app: C:\Users\Admin\eclipse-work..., automationName: UIAutomator2, chromedriverExecutable: C:\Users\Admin\Documents\ch..., deviceName: samsung SM-A146B, platformName: android}, appium:deviceApiLevel: 33, appium:deviceManufacturer: samsung, appium:deviceModel: SM-A146B, appium:deviceName: RZCW815M6ET, appium:deviceScreenDensity: 450, appium:deviceScreenSize: 1080x2408, appium:deviceUDID: RZCW815M6ET, appium:javascriptEnabled: true, appium:locationContextEnabled: false, appium:networkConnectionEnabled: true, appium:pixelRatio: 2.8125, appium:platformVersion: 13, appium:statBarHeight: 65, appium:takesScreenshot: true, appium:viewportRect: {height: 2144, left: 0, top: 65, width: 1080}, appium:warnings: {}, appium:webStorageEnabled: false, platformName: ANDROID}
Session ID: 04b1f188-8e20-4c5c-82b2-de90c59ab722
at io.appium.java_client.remote.SupportsContextSwitching.context(SupportsContextSwitching.java:48)
at test.EcommerceTC4.FillForm(EcommerceTC4.java:59)
at java.base/jdk.internal.reflect.NativeMethodAccessorImpl.invoke0(Native Method)
at java.base/jdk.internal.reflect.NativeMethodAccessorImpl.invoke(NativeMethodAccessorImpl.java:77)
at java.base/jdk.internal.reflect.DelegatingMethodAccessorImpl.invoke(DelegatingMethodAccessorImpl.java:43)
at java.base/java.lang.reflect.Method.invoke(Method.java:568)
at org.testng.internal.invokers.MethodInvocationHelper.invokeMethod(MethodInvocationHelper.java:139)
at org.testng.internal.invokers.TestInvoker.invokeMethod(TestInvoker.java:677)
at org.testng.internal.invokers.TestInvoker.invokeTestMethod(TestInvoker.java:221)
at org.testng.internal.invokers.MethodRunner.runInSequence(MethodRunner.java:50)
at org.testng.internal.invokers.TestInvoker$MethodInvocationAgent.invoke(TestInvoker.java:962)
at org.testng.internal.invokers.TestInvoker.invokeTestMethods(TestInvoker.java:194)
at org.testng.internal.invokers.TestMethodWorker.invokeTestMethods(TestMethodWorker.java:148)
at org.testng.internal.invokers.TestMethodWorker.run(TestMethodWorker.java:128)
at java.base/java.util.ArrayList.forEach(ArrayList.java:1511)
at org.testng.TestRunner.privateRun(TestRunner.java:806)
at org.testng.TestRunner.run(TestRunner.java:601)
at org.testng.SuiteRunner.runTest(SuiteRunner.java:433)
at org.testng.SuiteRunner.runSequentially(SuiteRunner.java:427)
at org.testng.SuiteRunner.privateRun(SuiteRunner.java:387)
at org.testng.SuiteRunner.run(SuiteRunner.java:330)
at org.testng.SuiteRunnerWorker.runSuite(SuiteRunnerWorker.java:52)
at org.testng.SuiteRunnerWorker.run(SuiteRunnerWorker.java:95)
at org.testng.TestNG.runSuitesSequentially(TestNG.java:1256)
at org.testng.TestNG.runSuitesLocally(TestNG.java:1176)
at org.testng.TestNG.runSuites(TestNG.java:1099)
at org.testng.TestNG.run(TestNG.java:1067)
at org.testng.remote.AbstractRemoteTestNG.run(AbstractRemoteTestNG.java:115)
at org.testng.remote.RemoteTestNG.initAndRun(RemoteTestNG.java:251)
at org.testng.remote.RemoteTestNG.main(RemoteTestNG.java:77)
Caused by: org.openqa.selenium.WebDriverException: An unknown server-side error occurred while processing the command. Original error: A new session could not be created. Details: session not created: This version of ChromeDriver only supports Chrome version 117
Current browser version is 116.0.0.0 with package name com.androidsample.generalstore
Build info: version: '4.6.0', revision: '79f1c02ae20'
System info: os.name: 'Windows 11', os.arch: 'amd64', os.version: '10.0', java.version: '17.0.7'
Driver info: io.appium.java_client.android.AndroidDriver
Command: [04b1f188-8e20-4c5c-82b2-de90c59ab722, switchToContext {name=WEBVIEW_com.androidsample.generalstore}]
Capabilities {appium:app: C:\Users\Admin\eclipse-work..., appium:appPackage: com.androidsample.generalstore, appium:automationName: UIAutomator2, appium:chromedriverExecutable: C:\Users\Admin\Documents\ch..., appium:databaseEnabled: false, appium:desired: {app: C:\Users\Admin\eclipse-work..., automationName: UIAutomator2, chromedriverExecutable: C:\Users\Admin\Documents\ch..., deviceName: samsung SM-A146B, platformName: android}, appium:deviceApiLevel: 33, appium:deviceManufacturer: samsung, appium:deviceModel: SM-A146B, appium:deviceName: RZCW815M6ET, appium:deviceScreenDensity: 450, appium:deviceScreenSize: 1080x2408, appium:deviceUDID: RZCW815M6ET, appium:javascriptEnabled: true, appium:locationContextEnabled: false, appium:networkConnectionEnabled: true, appium:pixelRatio: 2.8125, appium:platformVersion: 13, appium:statBarHeight: 65, appium:takesScreenshot: true, appium:viewportRect: {height: 2144, left: 0, top: 65, width: 1080}, appium:warnings: {}, appium:webStorageEnabled: false, platformName: ANDROID}
Session ID: 04b1f188-8e20-4c5c-82b2-de90c59ab722
at java.base/jdk.internal.reflect.NativeConstructorAccessorImpl.newInstance0(Native Method)
at java.base/jdk.internal.reflect.NativeConstructorAccessorImpl.newInstance(NativeConstructorAccessorImpl.java:77)
at java.base/jdk.internal.reflect.DelegatingConstructorAccessorImpl.newInstance(DelegatingConstructorAccessorImpl.java:45)
at java.base/java.lang.reflect.Constructor.newInstanceWithCaller(Constructor.java:499)
at java.base/java.lang.reflect.Constructor.newInstance(Constructor.java:480)
at org.openqa.selenium.remote.codec.w3c.W3CHttpResponseCodec.createException(W3CHttpResponseCodec.java:200)
at org.openqa.selenium.remote.codec.w3c.W3CHttpResponseCodec.decode(W3CHttpResponseCodec.java:133)
at org.openqa.selenium.remote.codec.w3c.W3CHttpResponseCodec.decode(W3CHttpResponseCodec.java:53)
at org.openqa.selenium.remote.HttpCommandExecutor.execute(HttpCommandExecutor.java:184)
at io.appium.java_client.remote.AppiumCommandExecutor.execute(AppiumCommandExecutor.java:180)
at org.openqa.selenium.remote.RemoteWebDriver.execute(RemoteWebDriver.java:541)
at org.openqa.selenium.remote.RemoteWebDriver.execute(RemoteWebDriver.java:596)
at io.appium.java_client.AppiumDriver.execute(AppiumDriver.java:262)
at io.appium.java_client.remote.SupportsContextSwitching.context(SupportsContextSwitching.java:45)
... 29 more
]]>
            </full-stacktrace>
          </exception> <!-- io.appium.java_client.NoSuchContextException -->
          <reporter-output>
          </reporter-output>
        </test-method> <!-- FillForm -->
        <test-method is-config="true" signature="TearDown()[pri:0, instance:test.EcommerceTC4@2eae8e6e]" started-at="2023-09-22T13:32:03 IST" name="TearDown" finished-at="2023-09-22T13:32:04 IST" duration-ms="531" status="PASS">
          <reporter-output>
          </reporter-output>
        </test-method> <!-- TearDown -->
      </class> <!-- test.EcommerceTC4 -->
    </test> <!-- Default test -->
  </suite> <!-- Default suite -->
</testng-results>
